<?xml version="1.0" encoding="UTF-8"?>
<!-- Generated by org.testng.reporters.JUnitReportReporter -->
<testsuite hostname="Changkopuchi" name="com.bankguru.login.Login_03_Dynamic_Page_Element" tests="4" failures="0" timestamp="1 Sep 2020 01:56:28 GMT" time="15.623" errors="0">
  <testcase name="TC_03_NewCustomer" time="6.163" classname="com.bankguru.login.Login_03_Dynamic_Page_Element"/>
  <testcase name="TC_02_Login" time="2.489" classname="com.bankguru.login.Login_03_Dynamic_Page_Element"/>
  <testcase name="TC_04_EditCustomer" time="0.001" classname="com.bankguru.login.Login_03_Dynamic_Page_Element"/>
  <testcase name="TC_01_Register" time="6.970" classname="com.bankguru.login.Login_03_Dynamic_Page_Element"/>
</testsuite> <!-- com.bankguru.login.Login_03_Dynamic_Page_Element -->
