<?xml version="1.0" encoding="UTF-8"?>
<!-- Generated by org.testng.reporters.JUnitReportReporter -->
<testsuite hostname="Changkopuchi" name="com.wordpress.login.Login_06_Upload_Multiple_Files" tests="1" failures="0" timestamp="21 Oct 2020 04:34:43 GMT" time="49.527" errors="0">
  <testcase name="TC_01_Upload_Media" time="49.527" classname="com.wordpress.login.Login_06_Upload_Multiple_Files"/>
</testsuite> <!-- com.wordpress.login.Login_06_Upload_Multiple_Files -->
