<?xml version="1.0" encoding="UTF-8"?>
<!-- Generated by org.testng.reporters.JUnitReportReporter -->
<testsuite hostname="Changkopuchi" name="com.bankguru.login.common.Common_02_Login" tests="2" failures="0" timestamp="26 Aug 2020 15:06:39 GMT" time="0.008" errors="0">
  <testcase name="TC_01" time="0.005" classname="com.bankguru.login.common.Common_02_Login"/>
  <testcase name="TC_02" time="0.003" classname="com.bankguru.login.common.Common_02_Login"/>
</testsuite> <!-- com.bankguru.login.common.Common_02_Login -->
