<?xml version="1.0" encoding="UTF-8"?>
<!-- Generated by org.testng.reporters.JUnitReportReporter -->
<testsuite hostname="Changkopuchi" name="com.nopcommerce.register.Register_Json_Data_Test" tests="1" failures="0" timestamp="13 Sep 2020 12:52:54 GMT" time="5.696" errors="0">
  <testcase name="TC_01_Register" time="5.696" classname="com.nopcommerce.register.Register_Json_Data_Test"/>
</testsuite> <!-- com.nopcommerce.register.Register_Json_Data_Test -->
