<?xml version="1.0" encoding="UTF-8"?>
<!-- Generated by org.testng.reporters.JUnitReportReporter -->
<testsuite hostname="Changkopuchi" name="com.bankguru.login.Login_01_RegisterAndLogin" tests="2" failures="0" timestamp="10 Aug 2020 09:49:35 GMT" time="17.086" errors="0">
  <testcase name="TC_01_Register" time="12.756" classname="com.bankguru.login.Login_01_RegisterAndLogin"/>
  <testcase name="TC_02_Login" time="4.330" classname="com.bankguru.login.Login_01_RegisterAndLogin"/>
</testsuite> <!-- com.bankguru.login.Login_01_RegisterAndLogin -->
