<?xml version="1.0" encoding="UTF-8"?>
<!-- Generated by org.testng.reporters.JUnitReportReporter -->
<testsuite hostname="Changkopuchi" name="com.wordpress.login.Login_01_ValidateLoginForm" tests="6" failures="0" timestamp="2 Aug 2020 18:22:55 GMT" time="23.485" errors="0">
  <testcase name="Validate_02_InvalidEmail" time="2.604" classname="com.wordpress.login.Login_01_ValidateLoginForm"/>
  <testcase name="Validate_05_PasswordLessThan6Chars" time="6.041" classname="com.wordpress.login.Login_01_ValidateLoginForm"/>
  <testcase name="Validate_01_EmptyEmail" time="2.146" classname="com.wordpress.login.Login_01_ValidateLoginForm"/>
  <testcase name="Validate_06_ValidPassword" time="6.305" classname="com.wordpress.login.Login_01_ValidateLoginForm"/>
  <testcase name="Validate_04_EmptyPassWord" time="3.309" classname="com.wordpress.login.Login_01_ValidateLoginForm"/>
  <testcase name="Validate_03_EmailNotExist" time="3.080" classname="com.wordpress.login.Login_01_ValidateLoginForm"/>
</testsuite> <!-- com.wordpress.login.Login_01_ValidateLoginForm -->
