<?xml version="1.0" encoding="UTF-8"?>
<!-- Generated by org.testng.reporters.JUnitReportReporter -->
<testsuite hostname="Changkopuchi" name="com.wordpress.login.Login_07_Element_Undisplayed" tests="4" failures="0" timestamp="26 Aug 2020 14:35:49 GMT" time="21.026" errors="0">
  <testcase name="TC_01_Element_Undisplayed_But_In_DOM" time="6.447" classname="com.wordpress.login.Login_07_Element_Undisplayed"/>
  <testcase name="TC_02_Element_Undisplayed_Without_In_DOM" time="5.041" classname="com.wordpress.login.Login_07_Element_Undisplayed"/>
  <testcase name="TC_01_Element_Undisplayed_But_In_DOM" time="4.460" classname="com.wordpress.login.Login_07_Element_Undisplayed"/>
  <testcase name="TC_02_Element_Undisplayed_Without_In_DOM" time="5.078" classname="com.wordpress.login.Login_07_Element_Undisplayed"/>
</testsuite> <!-- com.wordpress.login.Login_07_Element_Undisplayed -->
