<?xml version="1.0" encoding="UTF-8"?>
<!-- Generated by org.testng.reporters.JUnitReportReporter -->
<testsuite hostname="Changkopuchi" name="com.bankguru.login.Login_01_RegisterAndLogin_PageFactory" tests="2" failures="0" timestamp="12 Aug 2020 04:21:36 GMT" time="30.170" errors="0">
  <testcase name="TC_02_Login" time="5.389" classname="com.bankguru.login.Login_01_RegisterAndLogin_PageFactory"/>
  <testcase name="TC_01_Register" time="24.781" classname="com.bankguru.login.Login_01_RegisterAndLogin_PageFactory"/>
</testsuite> <!-- com.bankguru.login.Login_01_RegisterAndLogin_PageFactory -->
