<?xml version="1.0" encoding="UTF-8"?>
<!-- Generated by org.testng.reporters.JUnitReportReporter -->
<testsuite hostname="Changkopuchi" name="com.wordpress.login.Login_05_Dynamic_Locator" tests="4" failures="0" timestamp="18 Aug 2020 23:35:20 GMT" time="46.337" errors="0">
  <testcase name="TC_02_NavigateToPage" time="14.761" classname="com.wordpress.login.Login_05_Dynamic_Locator"/>
  <testcase name="TC_01_Login" time="10.676" classname="com.wordpress.login.Login_05_Dynamic_Locator"/>
  <testcase name="TC_01_Login" time="8.926" classname="com.wordpress.login.Login_05_Dynamic_Locator"/>
  <testcase name="TC_02_NavigateToPage" time="11.974" classname="com.wordpress.login.Login_05_Dynamic_Locator"/>
</testsuite> <!-- com.wordpress.login.Login_05_Dynamic_Locator -->
