<?xml version="1.0" encoding="UTF-8"?>
<!-- Generated by org.testng.reporters.JUnitReportReporter -->
<testsuite hostname="Changkopuchi" name="com.wordpress.login.Login_01_ValidateLoginForm" tests="12" failures="0" timestamp="16 Aug 2020 08:08:36 GMT" time="61.983" errors="0">
  <testcase name="Validate_02_InvalidEmail" time="3.717" classname="com.wordpress.login.Login_01_ValidateLoginForm"/>
  <testcase name="Validate_03_EmailNotExist" time="3.495" classname="com.wordpress.login.Login_01_ValidateLoginForm"/>
  <testcase name="Validate_04_EmptyPassWord" time="4.002" classname="com.wordpress.login.Login_01_ValidateLoginForm"/>
  <testcase name="Validate_05_PasswordLessThan6Chars" time="5.671" classname="com.wordpress.login.Login_01_ValidateLoginForm"/>
  <testcase name="Validate_05_PasswordLessThan6Chars" time="4.573" classname="com.wordpress.login.Login_01_ValidateLoginForm"/>
  <testcase name="Validate_04_EmptyPassWord" time="5.121" classname="com.wordpress.login.Login_01_ValidateLoginForm"/>
  <testcase name="Validate_06_ValidPassword" time="7.571" classname="com.wordpress.login.Login_01_ValidateLoginForm"/>
  <testcase name="Validate_01_EmptyEmail" time="3.455" classname="com.wordpress.login.Login_01_ValidateLoginForm"/>
  <testcase name="Validate_03_EmailNotExist" time="6.320" classname="com.wordpress.login.Login_01_ValidateLoginForm"/>
  <testcase name="Validate_01_EmptyEmail" time="4.965" classname="com.wordpress.login.Login_01_ValidateLoginForm"/>
  <testcase name="Validate_02_InvalidEmail" time="4.532" classname="com.wordpress.login.Login_01_ValidateLoginForm"/>
  <testcase name="Validate_06_ValidPassword" time="8.561" classname="com.wordpress.login.Login_01_ValidateLoginForm"/>
</testsuite> <!-- com.wordpress.login.Login_01_ValidateLoginForm -->
