<?xml version="1.0" encoding="UTF-8"?>
<!-- Generated by org.testng.reporters.JUnitReportReporter -->
<testsuite hostname="Changkopuchi" name="com.nopcommerce.register.FakeDataTest" tests="1" failures="0" timestamp="13 Sep 2020 07:39:59 GMT" time="5.412" errors="0">
  <testcase name="TC_01_Register" time="5.412" classname="com.nopcommerce.register.FakeDataTest"/>
</testsuite> <!-- com.nopcommerce.register.FakeDataTest -->
