<?xml version="1.0" encoding="UTF-8"?>
<!-- Generated by org.testng.reporters.JUnitReportReporter -->
<testsuite hostname="Changkopuchi" name="com.bankguru.login.Login_01_RegisterAndLogin_PageFactory" tests="2" failures="0" timestamp="17 Aug 2020 01:33:20 GMT" time="66.227" errors="0">
  <testcase name="TC_02_Login" time="8.719" classname="com.bankguru.login.Login_01_RegisterAndLogin_PageFactory"/>
  <testcase name="TC_01_Register" time="57.508" classname="com.bankguru.login.Login_01_RegisterAndLogin_PageFactory"/>
</testsuite> <!-- com.bankguru.login.Login_01_RegisterAndLogin_PageFactory -->
