<?xml version="1.0" encoding="UTF-8"?>
<!-- Generated by org.testng.reporters.JUnitReportReporter -->
<testsuite hostname="Changkopuchi" name="com.bankguru.login.Login_01_RegisterAndLogin_PageObject" tests="2" failures="0" timestamp="26 Aug 2020 14:37:53 GMT" time="20.966" errors="0">
  <testcase name="TC_01_Register" time="16.692" classname="com.bankguru.login.Login_01_RegisterAndLogin_PageObject"/>
  <testcase name="TC_02_Login" time="4.274" classname="com.bankguru.login.Login_01_RegisterAndLogin_PageObject"/>
</testsuite> <!-- com.bankguru.login.Login_01_RegisterAndLogin_PageObject -->
