<?xml version="1.0" encoding="UTF-8"?>
<!-- Generated by org.testng.reporters.JUnitReportReporter -->
<testsuite hostname="Changkopuchi" name="com.jquery.datatable.JQuery_01_DataTable" tests="5" failures="0" timestamp="20 Aug 2020 15:03:17 GMT" time="86.466" errors="0">
  <testcase name="TC_01_InputToColumnByName" time="4.807" classname="com.jquery.datatable.JQuery_01_DataTable"/>
  <testcase name="TC_04_GetTotalByCountryName" time="34.903" classname="com.jquery.datatable.JQuery_01_DataTable"/>
  <testcase name="TC_03_ClickDeleteOrEditByCountryName" time="42.478" classname="com.jquery.datatable.JQuery_01_DataTable"/>
  <testcase name="TC_05_SendkeyToDynamicTextboxByRowNumber" time="4.069" classname="com.jquery.datatable.JQuery_01_DataTable"/>
  <testcase name="TC_02_PaginationByPageNumber" time="0.209" classname="com.jquery.datatable.JQuery_01_DataTable"/>
</testsuite> <!-- com.jquery.datatable.JQuery_01_DataTable -->
