<?xml version="1.0" encoding="UTF-8"?>
<!-- Generated by org.testng.reporters.JUnitReportReporter -->
<testsuite hostname="Changkopuchi" name="com.wordpress.login.Login_03_Browser_Factory_Pattern" tests="12" failures="0" timestamp="16 Aug 2020 11:06:49 GMT" time="42.186" errors="0">
  <testcase name="Validate_02_InvalidEmail" time="1.830" classname="com.wordpress.login.Login_03_Browser_Factory_Pattern"/>
  <testcase name="Validate_02_InvalidEmail" time="3.248" classname="com.wordpress.login.Login_03_Browser_Factory_Pattern"/>
  <testcase name="Validate_06_ValidPassword" time="6.912" classname="com.wordpress.login.Login_03_Browser_Factory_Pattern"/>
  <testcase name="Validate_05_PasswordLessThan6Chars" time="3.067" classname="com.wordpress.login.Login_03_Browser_Factory_Pattern"/>
  <testcase name="Validate_06_ValidPassword" time="5.671" classname="com.wordpress.login.Login_03_Browser_Factory_Pattern"/>
  <testcase name="Validate_03_EmailNotExist" time="2.668" classname="com.wordpress.login.Login_03_Browser_Factory_Pattern"/>
  <testcase name="Validate_04_EmptyPassWord" time="2.843" classname="com.wordpress.login.Login_03_Browser_Factory_Pattern"/>
  <testcase name="Validate_05_PasswordLessThan6Chars" time="4.122" classname="com.wordpress.login.Login_03_Browser_Factory_Pattern"/>
  <testcase name="Validate_01_EmptyEmail" time="3.351" classname="com.wordpress.login.Login_03_Browser_Factory_Pattern"/>
  <testcase name="Validate_01_EmptyEmail" time="1.327" classname="com.wordpress.login.Login_03_Browser_Factory_Pattern"/>
  <testcase name="Validate_03_EmailNotExist" time="3.051" classname="com.wordpress.login.Login_03_Browser_Factory_Pattern"/>
  <testcase name="Validate_04_EmptyPassWord" time="4.096" classname="com.wordpress.login.Login_03_Browser_Factory_Pattern"/>
</testsuite> <!-- com.wordpress.login.Login_03_Browser_Factory_Pattern -->
