<?xml version="1.0" encoding="UTF-8"?>
<!-- Generated by org.testng.reporters.JUnitReportReporter -->
<testsuite hostname="Changkopuchi" name="com.wordpress.login.Login_04_WebDriver_Life_Circle" tests="4" failures="0" timestamp="17 Aug 2020 09:52:46 GMT" time="38.535" errors="0">
  <testcase name="TC_01_Login" time="6.295" classname="com.wordpress.login.Login_04_WebDriver_Life_Circle"/>
  <testcase name="TC_01_Login" time="8.995" classname="com.wordpress.login.Login_04_WebDriver_Life_Circle"/>
  <testcase name="TC_02_NavigateToPage" time="12.252" classname="com.wordpress.login.Login_04_WebDriver_Life_Circle"/>
  <testcase name="TC_02_NavigateToPage" time="10.993" classname="com.wordpress.login.Login_04_WebDriver_Life_Circle"/>
</testsuite> <!-- com.wordpress.login.Login_04_WebDriver_Life_Circle -->
